[2026-03-18T22:45:49.997Z] cmdTui started
[2026-03-18T22:45:49.997Z] alt-screen entered
[2026-03-18T22:45:49.997Z] importing ensureDaemonRunning...
[2026-03-18T22:45:49.997Z] calling ensureDaemonRunning...
[2026-03-18T22:45:50.202Z] ensureDaemonRunning done, importing DaemonClient...
[2026-03-18T22:45:50.203Z] calling daemonClient.connect()...
[2026-03-18T22:48:18.622Z] cmdTui started
[2026-03-18T22:48:18.622Z] alt-screen entered
[2026-03-18T22:48:18.622Z] importing ensureDaemonRunning...
[2026-03-18T22:48:18.623Z] calling ensureDaemonRunning...
[2026-03-18T22:48:18.623Z] ensureDaemonRunning done, importing DaemonClient...
[2026-03-18T22:48:18.628Z] calling daemonClient.connect()...
[2026-03-18T22:48:18.629Z] daemon connected!
[2026-03-18T22:48:18.629Z] daemonConnected=true, entering main try block
[2026-03-18T22:48:18.629Z] projectExists=true
[2026-03-18T22:48:18.629Z] main loop iteration 1
[2026-03-18T22:48:18.629Z] hasQuests=false, devMode=true, hasRunningWave=false, skipAutoResume=false
[2026-03-18T22:48:18.629Z] launching runQuestPickerInk...
[2026-03-18T22:48:30.817Z] runQuestPickerInk returned: wishlist
[2026-03-18T22:57:15.767Z] cmdTui started
[2026-03-18T22:57:15.767Z] alt-screen entered
[2026-03-18T22:57:15.767Z] importing ensureDaemonRunning...
[2026-03-18T22:57:15.767Z] calling ensureDaemonRunning...
[2026-03-18T22:57:15.767Z] ensureDaemonRunning done, importing DaemonClient...
[2026-03-18T22:57:15.772Z] calling daemonClient.connect()...
[2026-03-18T22:57:15.773Z] daemon connected!
[2026-03-18T22:57:15.773Z] daemonConnected=true, entering main try block
[2026-03-18T22:57:15.773Z] projectExists=true
[2026-03-18T22:57:15.773Z] main loop iteration 1
[2026-03-18T22:57:15.774Z] hasQuests=false, devMode=true, hasRunningWave=false, skipAutoResume=false
[2026-03-18T22:57:15.774Z] launching runQuestPickerInk...
[2026-03-18T22:57:17.306Z] runQuestPickerInk returned: wishlist
[2026-03-18T22:57:17.307Z] [wishlist] handleWishlistFlow entered
[2026-03-18T22:58:51.705Z] main loop iteration 2
[2026-03-18T22:58:54.708Z] hasQuests=false, devMode=true, hasRunningWave=false, skipAutoResume=false
[2026-03-18T22:58:54.708Z] launching runQuestPickerInk...
[2026-03-18T22:58:59.661Z] runQuestPickerInk returned: select
[2026-03-18T22:58:59.661Z] launching runTaskBrowserInk (selectedQuestId=null)...
[2026-03-18T22:59:25.303Z] cmdTui started
[2026-03-18T22:59:25.303Z] alt-screen entered
[2026-03-18T22:59:25.303Z] importing ensureDaemonRunning...
[2026-03-18T22:59:25.303Z] calling ensureDaemonRunning...
[2026-03-18T22:59:25.303Z] ensureDaemonRunning done, importing DaemonClient...
[2026-03-18T22:59:25.308Z] calling daemonClient.connect()...
[2026-03-18T22:59:25.309Z] daemon connected!
[2026-03-18T22:59:25.309Z] daemonConnected=true, entering main try block
[2026-03-18T22:59:25.309Z] projectExists=true
[2026-03-18T22:59:25.309Z] main loop iteration 1
[2026-03-18T22:59:25.309Z] hasQuests=false, devMode=true, hasRunningWave=false, skipAutoResume=false
[2026-03-18T22:59:25.309Z] launching runQuestPickerInk...
[2026-03-18T22:59:26.682Z] runQuestPickerInk returned: select
[2026-03-18T22:59:26.682Z] launching runTaskBrowserInk (selectedQuestId=null)...
[2026-03-18T23:14:00.148Z] cmdTui started
[2026-03-18T23:14:00.148Z] alt-screen entered
[2026-03-18T23:14:00.148Z] importing ensureDaemonRunning...
[2026-03-18T23:14:00.148Z] calling ensureDaemonRunning...
[2026-03-18T23:14:00.148Z] ensureDaemonRunning done, importing DaemonClient...
[2026-03-18T23:14:00.153Z] calling daemonClient.connect()...
[2026-03-18T23:14:00.154Z] daemon connected!
[2026-03-18T23:14:00.154Z] daemonConnected=true, entering main try block
[2026-03-18T23:14:00.154Z] projectExists=true
[2026-03-18T23:14:00.154Z] main loop iteration 1
[2026-03-18T23:14:00.155Z] hasQuests=false, devMode=true, hasRunningWave=false, skipAutoResume=false
[2026-03-18T23:14:00.155Z] launching runQuestPickerInk...
[2026-03-18T23:14:01.626Z] runQuestPickerInk returned: select
[2026-03-18T23:14:01.626Z] launching runTaskBrowserInk (selectedQuestId=null)...
[2026-03-18T23:16:25.686Z] cmdTui started
[2026-03-18T23:16:25.686Z] alt-screen entered
[2026-03-18T23:16:25.686Z] importing ensureDaemonRunning...
[2026-03-18T23:16:25.686Z] calling ensureDaemonRunning...
[2026-03-18T23:16:25.686Z] ensureDaemonRunning done, importing DaemonClient...
[2026-03-18T23:16:25.691Z] calling daemonClient.connect()...
[2026-03-18T23:16:25.693Z] daemon connected!
[2026-03-18T23:16:25.693Z] daemonConnected=true, entering main try block
[2026-03-18T23:16:25.693Z] projectExists=true
[2026-03-18T23:16:25.693Z] main loop iteration 1
[2026-03-18T23:16:25.693Z] hasQuests=false, devMode=true, hasRunningWave=false, skipAutoResume=false
[2026-03-18T23:16:25.693Z] launching runQuestPickerInk...
[2026-03-18T23:16:30.878Z] runQuestPickerInk returned: select
[2026-03-18T23:16:30.878Z] launching runTaskBrowserInk (selectedQuestId=null)...
[2026-03-18T23:25:29.124Z] cmdTui started
[2026-03-18T23:25:29.124Z] alt-screen entered
[2026-03-18T23:25:29.124Z] importing ensureDaemonRunning...
[2026-03-18T23:25:29.124Z] calling ensureDaemonRunning...
[2026-03-18T23:25:29.125Z] ensureDaemonRunning done, importing DaemonClient...
[2026-03-18T23:25:29.129Z] calling daemonClient.connect()...
[2026-03-18T23:25:29.131Z] daemon connected!
[2026-03-18T23:25:29.131Z] daemonConnected=true, entering main try block
[2026-03-18T23:25:29.131Z] projectExists=true
[2026-03-18T23:25:29.131Z] main loop iteration 1
[2026-03-18T23:25:29.131Z] hasQuests=false, devMode=true, hasRunningWave=false, skipAutoResume=false
[2026-03-18T23:25:29.131Z] launching runQuestPickerInk...
[2026-03-18T23:25:31.703Z] runQuestPickerInk returned: select
[2026-03-18T23:25:31.704Z] launching runTaskBrowserInk (selectedQuestId=null)...
